<?xml version="1.0" encoding="UTF-8"?>
<!-- Generated by org.testng.reporters.JUnitXMLReporter -->
<testsuite ignored="11" hostname="DESKTOP-RNO8TUS" failures="0" tests="1" name="Default test" time="2.976" errors="0" timestamp="2023-06-06T14:26:36 AST">
  <testcase classname="restAssured.APIs" name="BINDataFromNAV" time="0.841"/>
  <testcase classname="restAssured.APIs" name="Complete" time="0.0">
    <ignored/>
  </testcase> <!-- Complete -->
  <testcase classname="restAssured.APIs" name="HomePage_Counts" time="0.0">
    <ignored/>
  </testcase> <!-- HomePage_Counts -->
  <testcase classname="restAssured.APIs" name="View_List" time="0.0">
    <ignored/>
  </testcase> <!-- View_List -->
  <testcase classname="restAssured.APIs" name="Item_Expiry_Scan1" time="0.0">
    <ignored/>
  </testcase> <!-- Item_Expiry_Scan1 -->
  <testcase classname="restAssured.APIs" name="Item_Expiry_Scan2" time="0.0">
    <ignored/>
  </testcase> <!-- Item_Expiry_Scan2 -->
  <testcase classname="restAssured.APIs" name="MultiImage_Inquiry" time="0.0">
    <ignored/>
  </testcase> <!-- MultiImage_Inquiry -->
  <testcase classname="restAssured.APIs" name="ONBINSCAN" time="0.0">
    <ignored/>
  </testcase> <!-- ONBINSCAN -->
  <testcase classname="restAssured.APIs" name="Confirm" time="0.0">
    <ignored/>
  </testcase> <!-- Confirm -->
  <testcase classname="restAssured.APIs" name="Login" time="0.0">
    <ignored/>
  </testcase> <!-- Login -->
  <testcase classname="restAssured.APIs" name="GetItemDimensionDetail" time="0.0">
    <ignored/>
  </testcase> <!-- GetItemDimensionDetail -->
  <testcase classname="restAssured.APIs" name="ItemExipryInfo" time="0.0">
    <ignored/>
  </testcase> <!-- ItemExipryInfo -->
</testsuite> <!-- Default test -->
