<?xml version="1.0" encoding="UTF-8"?>
<!-- Generated by org.testng.reporters.JUnitXMLReporter -->
<testsuite ignored="0" hostname="DESKTOP-RNO8TUS" failures="0" tests="17" name="Test" time="58.429" errors="0" timestamp="2023-05-29T09:47:20 AST">
  <testcase classname="WMS.WMS_ADD_NEW_USER" name="Open_Login_page" time="1.6"/>
  <testcase classname="WMS.WMS_ADD_NEW_USER" name="Login" time="7.376"/>
  <testcase classname="WMS.WMS_ADD_NEW_USER" name="Open_User_Master_Page" time="5.828"/>
  <testcase classname="WMS.WMS_ADD_NEW_USER" name="Create_new_record" time="0.114"/>
  <testcase classname="WMS.WMS_ADD_NEW_USER" name="Add_user_credentials" time="0.129"/>
  <testcase classname="WMS.WMS_ADD_NEW_USER" name="Choose_User_Type" time="3.3"/>
  <testcase classname="WMS.WMS_ADD_NEW_USER" name="Choose_user_store" time="2.209"/>
  <testcase classname="WMS.WMS_ADD_NEW_USER" name="Check_boxes" time="5.142"/>
  <testcase classname="WMS.Duplicate_User_Creation" name="Open_Login_page" time="1.991"/>
  <testcase classname="WMS.Duplicate_User_Creation" name="Login" time="8.266"/>
  <testcase classname="WMS.Duplicate_User_Creation" name="Open_User_Master_Page" time="5.995"/>
  <testcase classname="WMS.Duplicate_User_Creation" name="Create_new_record" time="0.084"/>
  <testcase classname="WMS.Duplicate_User_Creation" name="Add_user_credentials" time="0.11"/>
  <testcase classname="WMS.Duplicate_User_Creation" name="Choose_User_Type" time="3.641"/>
  <testcase classname="WMS.Duplicate_User_Creation" name="Choose_user_store" time="2.168"/>
  <testcase classname="WMS.Duplicate_User_Creation" name="Check_boxes" time="5.128"/>
  <testcase classname="WMS.Duplicate_User_Creation" name="submit" time="2.101"/>
</testsuite> <!-- Test -->
