<?xml version="1.0" encoding="UTF-8"?>
<testng-results ignored="31" total="32" passed="1" failed="0" skipped="0">
  <reporter-output>
  </reporter-output>
  <suite started-at="2023-06-12T16:12:15 AST" name="Default suite" finished-at="2023-06-12T16:12:18 AST" duration-ms="3119">
    <groups>
    </groups>
    <test started-at="2023-06-12T16:12:15 AST" name="Default test" finished-at="2023-06-12T16:12:18 AST" duration-ms="3119">
      <class name="restAssured.APIs">
        <test-method is-config="true" signature="BeforeClass()[pri:0, instance:restAssured.APIs@4a883b15]" started-at="2023-06-12T16:12:15 AST" name="BeforeClass" finished-at="2023-06-12T16:12:17 AST" duration-ms="1994" status="PASS">
          <reporter-output>
          </reporter-output>
        </test-method> <!-- BeforeClass -->
        <test-method signature="BIN_SCAN()[pri:31, instance:restAssured.APIs@4a883b15]" started-at="2023-06-12T16:12:17 AST" name="BIN_SCAN" finished-at="2023-06-12T16:12:18 AST" duration-ms="1104" status="PASS">
          <reporter-output>
          </reporter-output>
        </test-method> <!-- BIN_SCAN -->
      </class> <!-- restAssured.APIs -->
    </test> <!-- Default test -->
  </suite> <!-- Default suite -->
</testng-results>
